2021-06-01 09:28:51.532  INFO 6984 --- [restartedMain] c.a.p.a.a.PhotoAppApiAlbumsApplication   : No active profile set, falling back to default profiles: default
2021-06-01 09:28:56.442  WARN 6984 --- [restartedMain] o.s.boot.actuate.endpoint.EndpointId     : Endpoint ID 'service-registry' contains invalid characters, please migrate to a valid format.
2021-06-01 09:28:57.081  INFO 6984 --- [restartedMain] o.s.cloud.context.scope.GenericScope     : BeanFactory id=fce5687c-8caa-3de7-86f9-d6b89e9c58f8
2021-06-01 09:28:57.479  INFO 6984 --- [restartedMain] trationDelegate$BeanPostProcessorChecker : Bean 'org.springframework.cloud.autoconfigure.ConfigurationPropertiesRebinderAutoConfiguration' of type [org.springframework.cloud.autoconfigure.ConfigurationPropertiesRebinderAutoConfiguration$$EnhancerBySpringCGLIB$$cc2e7fdd] is not eligible for getting processed by all BeanPostProcessors (for example: not eligible for auto-proxying)
2021-06-01 09:28:59.956  INFO 6984 --- [restartedMain] o.s.b.w.embedded.tomcat.TomcatWebServer  : Tomcat initialized with port(s): 0 (http)
2021-06-01 09:29:00.363  INFO 6984 --- [restartedMain] o.apache.catalina.core.StandardService   : Starting service [Tomcat]
2021-06-01 09:29:00.364  INFO 6984 --- [restartedMain] org.apache.catalina.core.StandardEngine  : Starting Servlet engine: [Apache Tomcat/9.0.14]
2021-06-01 09:29:00.400  INFO 6984 --- [restartedMain] o.a.catalina.core.AprLifecycleListener   : The APR based Apache Tomcat Native library which allows optimal performance in production environments was not found on the java.library.path: [C:\Users\hirva\Downloads\Application\sts-4.8.1.RELEASE\plugins\org.eclipse.justj.openjdk.hotspot.jre.full.win32.x86_64_15.0.0.v20201014-1246\jre\bin;C:\Windows\Sun\Java\bin;C:\Windows\system32;C:\Windows;C:/Users/hirva/Downloads/Application/sts-4.8.1.RELEASE//plugins/org.eclipse.justj.openjdk.hotspot.jre.full.win32.x86_64_15.0.0.v20201014-1246/jre/bin/server;C:/Users/hirva/Downloads/Application/sts-4.8.1.RELEASE//plugins/org.eclipse.justj.openjdk.hotspot.jre.full.win32.x86_64_15.0.0.v20201014-1246/jre/bin;C:\Program Files\Common Files\Oracle\Java\javapath;C:\Program Files (x86)\Intel\iCLS Client\;C:\Program Files\Intel\iCLS Client\;C:\Windows\system32;C:\Windows;C:\Windows\System32\Wbem;C:\Windows\System32\WindowsPowerShell\v1.0\;C:\Program Files (x86)\Intel\Intel(R) Management Engine Components\DAL;C:\Program Files\Intel\Intel(R) Management Engine Components\DAL;C:\Program Files (x86)\Intel\Intel(R) Management Engine Components\IPT;C:\Program Files\Intel\Intel(R) Management Engine Components\IPT;c:\Program Files\Intel\WiFi\bin\;c:\Program Files\Common Files\Intel\WirelessCommon\;C:\Windows\System32\OpenSSH\;C:\Program Files\Java\jdk-11.0.11\bin;C:\Program Files\apache-maven-3.8.1-bin\apache-maven-3.8.1\bin;C:\Program Files\Amazon\AWSCLIV2\;C:\Program Files\Git\cmd;C:\Program Files\MySQL\MySQL Shell 8.0\bin\;C:\Users\hirva\AppData\Local\Microsoft\WindowsApps;;C:\Users\hirva\Downloads\Application\sts-4.8.1.RELEASE;;.]
2021-06-01 09:29:00.837  INFO 6984 --- [restartedMain] o.a.c.c.C.[Tomcat].[localhost].[/]       : Initializing Spring embedded WebApplicationContext
2021-06-01 09:29:00.838  INFO 6984 --- [restartedMain] o.s.web.context.ContextLoader            : Root WebApplicationContext: initialization completed in 9174 ms
2021-06-01 09:29:01.169  WARN 6984 --- [restartedMain] c.n.c.sources.URLConfigurationSource     : No URLs will be polled as dynamic configuration sources.
2021-06-01 09:29:01.170  INFO 6984 --- [restartedMain] c.n.c.sources.URLConfigurationSource     : To enable URLs as dynamic configuration sources, define System property archaius.configurationSource.additionalUrls or make config.properties available on classpath.
2021-06-01 09:29:01.253  INFO 6984 --- [restartedMain] c.netflix.config.DynamicPropertyFactory  : DynamicPropertyFactory is initialized with configuration sources: com.netflix.config.ConcurrentCompositeConfiguration@24d30cc7
2021-06-01 09:29:02.601  WARN 6984 --- [restartedMain] c.n.c.sources.URLConfigurationSource     : No URLs will be polled as dynamic configuration sources.
2021-06-01 09:29:02.602  INFO 6984 --- [restartedMain] c.n.c.sources.URLConfigurationSource     : To enable URLs as dynamic configuration sources, define System property archaius.configurationSource.additionalUrls or make config.properties available on classpath.
2021-06-01 09:29:03.331  INFO 6984 --- [restartedMain] o.s.s.concurrent.ThreadPoolTaskExecutor  : Initializing ExecutorService 'applicationTaskExecutor'
2021-06-01 09:29:04.345  WARN 6984 --- [restartedMain] o.s.b.d.a.OptionalLiveReloadServer       : Unable to start LiveReload server
2021-06-01 09:29:04.775  INFO 6984 --- [restartedMain] o.s.b.a.e.web.EndpointLinksResolver      : Exposing 2 endpoint(s) beneath base path '/actuator'
2021-06-01 09:29:05.032  INFO 6984 --- [restartedMain] o.s.b.w.embedded.tomcat.TomcatWebServer  : Tomcat started on port(s): 52404 (http) with context path ''
2021-06-01 09:29:05.034  INFO 6984 --- [restartedMain] .s.c.n.e.s.EurekaAutoServiceRegistration : Updating port to 52404
2021-06-01 09:29:05.067  INFO 6984 --- [restartedMain] o.s.c.n.eureka.InstanceInfoFactory       : Setting initial instance status as: STARTING
2021-06-01 09:29:05.336  INFO 6984 --- [restartedMain] com.netflix.discovery.DiscoveryClient    : Initializing Eureka in region us-east-1
2021-06-01 09:29:06.018  INFO 6984 --- [restartedMain] c.n.d.provider.DiscoveryJerseyProvider   : Using JSON encoding codec LegacyJacksonJson
2021-06-01 09:29:06.020  INFO 6984 --- [restartedMain] c.n.d.provider.DiscoveryJerseyProvider   : Using JSON decoding codec LegacyJacksonJson
2021-06-01 09:29:06.651  INFO 6984 --- [restartedMain] c.n.d.provider.DiscoveryJerseyProvider   : Using XML encoding codec XStreamXml
2021-06-01 09:29:06.651  INFO 6984 --- [restartedMain] c.n.d.provider.DiscoveryJerseyProvider   : Using XML decoding codec XStreamXml
2021-06-01 09:29:07.407  INFO 6984 --- [restartedMain] c.n.d.s.r.aws.ConfigClusterResolver      : Resolving eureka endpoints via configuration
2021-06-01 09:29:07.571  INFO 6984 --- [restartedMain] com.netflix.discovery.DiscoveryClient    : Disable delta property : false
2021-06-01 09:29:07.571  INFO 6984 --- [restartedMain] com.netflix.discovery.DiscoveryClient    : Single vip registry refresh property : null
2021-06-01 09:29:07.571  INFO 6984 --- [restartedMain] com.netflix.discovery.DiscoveryClient    : Force full registry fetch : false
2021-06-01 09:29:07.572  INFO 6984 --- [restartedMain] com.netflix.discovery.DiscoveryClient    : Application is null : false
2021-06-01 09:29:07.572  INFO 6984 --- [restartedMain] com.netflix.discovery.DiscoveryClient    : Registered Applications size is zero : true
2021-06-01 09:29:07.572  INFO 6984 --- [restartedMain] com.netflix.discovery.DiscoveryClient    : Application version is -1: true
2021-06-01 09:29:07.572  INFO 6984 --- [restartedMain] com.netflix.discovery.DiscoveryClient    : Getting all instance registry info from the eureka server
2021-06-01 09:29:08.332  INFO 6984 --- [restartedMain] com.netflix.discovery.DiscoveryClient    : The response status is 200
2021-06-01 09:29:08.346  INFO 6984 --- [restartedMain] com.netflix.discovery.DiscoveryClient    : Starting heartbeat executor: renew interval is: 30
2021-06-01 09:29:08.363  INFO 6984 --- [restartedMain] c.n.discovery.InstanceInfoReplicator     : InstanceInfoReplicator onDemand update allowed rate per min is 4
2021-06-01 09:29:08.396  INFO 6984 --- [restartedMain] com.netflix.discovery.DiscoveryClient    : Discovery Client initialized at timestamp 1622519948395 with initial instances count: 1
2021-06-01 09:29:08.398  INFO 6984 --- [restartedMain] o.s.c.n.e.s.EurekaServiceRegistry        : Registering application ALBUMS-WS with eureka with status UP
2021-06-01 09:29:08.400  INFO 6984 --- [restartedMain] com.netflix.discovery.DiscoveryClient    : Saw local status change event StatusChangeEvent [timestamp=1622519948400, current=UP, previous=STARTING]
2021-06-01 09:29:08.403  INFO 6984 --- [DiscoveryClient-InstanceInfoReplicator-0] com.netflix.discovery.DiscoveryClient    : DiscoveryClient_ALBUMS-WS/albums-ws:3b2819bbb06466581c8e078500d3695e: registering service...
2021-06-01 09:29:08.407  INFO 6984 --- [restartedMain] c.a.p.a.a.PhotoAppApiAlbumsApplication   : Started PhotoAppApiAlbumsApplication in 22.323 seconds (JVM running for 27.104)
2021-06-01 09:29:08.479  INFO 6984 --- [DiscoveryClient-InstanceInfoReplicator-0] com.netflix.discovery.DiscoveryClient    : DiscoveryClient_ALBUMS-WS/albums-ws:3b2819bbb06466581c8e078500d3695e - registration status: 204
2021-06-01 09:31:01.879  INFO 6984 --- [http-nio-auto-1-exec-1] o.a.c.c.C.[Tomcat].[localhost].[/]       : Initializing Spring DispatcherServlet 'dispatcherServlet'
2021-06-01 09:31:01.879  INFO 6984 --- [http-nio-auto-1-exec-1] o.s.web.servlet.DispatcherServlet        : Initializing Servlet 'dispatcherServlet'
2021-06-01 09:31:01.903  INFO 6984 --- [http-nio-auto-1-exec-1] o.s.web.servlet.DispatcherServlet        : Completed initialization in 24 ms
2021-06-01 09:31:02.110  INFO 6984 --- [http-nio-auto-1-exec-1] c.a.p.a.a.i.c.AlbumsController           : Returning 2 albums
2021-06-01 09:33:21.992  INFO 6984 --- [http-nio-auto-1-exec-3] c.a.p.a.a.i.c.AlbumsController           : Returning 2 albums
2021-06-01 09:34:07.584  INFO 6984 --- [AsyncResolver-bootstrap-executor-0] c.n.d.s.r.aws.ConfigClusterResolver      : Resolving eureka endpoints via configuration
2021-06-01 09:39:07.587  INFO 6984 --- [AsyncResolver-bootstrap-executor-0] c.n.d.s.r.aws.ConfigClusterResolver      : Resolving eureka endpoints via configuration
2021-06-01 09:44:07.595  INFO 6984 --- [AsyncResolver-bootstrap-executor-0] c.n.d.s.r.aws.ConfigClusterResolver      : Resolving eureka endpoints via configuration
2021-06-01 09:45:43.565  INFO 6984 --- [Thread-1] o.s.c.n.e.s.EurekaServiceRegistry        : Unregistering application ALBUMS-WS with eureka with status DOWN
2021-06-01 09:45:43.566  WARN 6984 --- [Thread-1] com.netflix.discovery.DiscoveryClient    : Saw local status change event StatusChangeEvent [timestamp=1622520943566, current=DOWN, previous=UP]
2021-06-01 09:45:43.566  INFO 6984 --- [DiscoveryClient-InstanceInfoReplicator-0] com.netflix.discovery.DiscoveryClient    : DiscoveryClient_ALBUMS-WS/albums-ws:3b2819bbb06466581c8e078500d3695e: registering service...
2021-06-01 09:45:43.571  INFO 6984 --- [DiscoveryClient-InstanceInfoReplicator-0] com.netflix.discovery.DiscoveryClient    : DiscoveryClient_ALBUMS-WS/albums-ws:3b2819bbb06466581c8e078500d3695e - registration status: 204
2021-06-01 09:45:43.571  INFO 6984 --- [Thread-1] o.s.s.concurrent.ThreadPoolTaskExecutor  : Shutting down ExecutorService 'applicationTaskExecutor'
2021-06-01 09:45:43.576  INFO 6984 --- [Thread-1] com.netflix.discovery.DiscoveryClient    : Shutting down DiscoveryClient ...
2021-06-01 09:45:46.578  INFO 6984 --- [Thread-1] com.netflix.discovery.DiscoveryClient    : Unregistering ...
2021-06-01 09:45:46.583  INFO 6984 --- [Thread-1] com.netflix.discovery.DiscoveryClient    : DiscoveryClient_ALBUMS-WS/albums-ws:3b2819bbb06466581c8e078500d3695e - deregister  status: 200
2021-06-01 09:45:46.834  INFO 6984 --- [Thread-1] com.netflix.discovery.DiscoveryClient    : Completed shut down of DiscoveryClient
2021-06-01 09:45:47.495  INFO 6984 --- [restartedMain] c.a.p.a.a.PhotoAppApiAlbumsApplication   : No active profile set, falling back to default profiles: default
2021-06-01 09:45:48.017  INFO 6984 --- [restartedMain] o.s.cloud.context.scope.GenericScope     : BeanFactory id=fce5687c-8caa-3de7-86f9-d6b89e9c58f8
2021-06-01 09:45:48.036  INFO 6984 --- [restartedMain] trationDelegate$BeanPostProcessorChecker : Bean 'org.springframework.cloud.autoconfigure.ConfigurationPropertiesRebinderAutoConfiguration' of type [org.springframework.cloud.autoconfigure.ConfigurationPropertiesRebinderAutoConfiguration$$EnhancerBySpringCGLIB$$cc2e7fdd] is not eligible for getting processed by all BeanPostProcessors (for example: not eligible for auto-proxying)
2021-06-01 09:45:48.147  INFO 6984 --- [restartedMain] o.s.b.w.embedded.tomcat.TomcatWebServer  : Tomcat initialized with port(s): 0 (http)
2021-06-01 09:45:48.174  INFO 6984 --- [restartedMain] o.apache.catalina.core.StandardService   : Starting service [Tomcat]
2021-06-01 09:45:48.175  INFO 6984 --- [restartedMain] org.apache.catalina.core.StandardEngine  : Starting Servlet engine: [Apache Tomcat/9.0.14]
2021-06-01 09:45:48.266  INFO 6984 --- [restartedMain] o.a.c.c.C.[Tomcat].[localhost].[/]       : Initializing Spring embedded WebApplicationContext
2021-06-01 09:45:48.267  INFO 6984 --- [restartedMain] o.s.web.context.ContextLoader            : Root WebApplicationContext: initialization completed in 770 ms
2021-06-01 09:45:48.696  WARN 6984 --- [restartedMain] c.n.c.sources.URLConfigurationSource     : No URLs will be polled as dynamic configuration sources.
2021-06-01 09:45:48.696  INFO 6984 --- [restartedMain] c.n.c.sources.URLConfigurationSource     : To enable URLs as dynamic configuration sources, define System property archaius.configurationSource.additionalUrls or make config.properties available on classpath.
2021-06-01 09:45:48.766  INFO 6984 --- [restartedMain] o.s.s.concurrent.ThreadPoolTaskExecutor  : Initializing ExecutorService 'applicationTaskExecutor'
2021-06-01 09:45:48.917  WARN 6984 --- [restartedMain] o.s.b.d.a.OptionalLiveReloadServer       : Unable to start LiveReload server
2021-06-01 09:45:49.095  INFO 6984 --- [restartedMain] o.s.b.a.e.web.EndpointLinksResolver      : Exposing 2 endpoint(s) beneath base path '/actuator'
2021-06-01 09:45:49.172  INFO 6984 --- [restartedMain] o.s.b.w.embedded.tomcat.TomcatWebServer  : Tomcat started on port(s): 53530 (http) with context path ''
2021-06-01 09:45:49.172  INFO 6984 --- [restartedMain] .s.c.n.e.s.EurekaAutoServiceRegistration : Updating port to 53530
2021-06-01 09:45:49.175  INFO 6984 --- [restartedMain] o.s.c.n.eureka.InstanceInfoFactory       : Setting initial instance status as: STARTING
2021-06-01 09:45:49.195  INFO 6984 --- [restartedMain] com.netflix.discovery.DiscoveryClient    : Initializing Eureka in region us-east-1
2021-06-01 09:45:49.219  INFO 6984 --- [restartedMain] c.n.d.provider.DiscoveryJerseyProvider   : Using JSON encoding codec LegacyJacksonJson
2021-06-01 09:45:49.220  INFO 6984 --- [restartedMain] c.n.d.provider.DiscoveryJerseyProvider   : Using JSON decoding codec LegacyJacksonJson
2021-06-01 09:45:49.220  INFO 6984 --- [restartedMain] c.n.d.provider.DiscoveryJerseyProvider   : Using XML encoding codec XStreamXml
2021-06-01 09:45:49.220  INFO 6984 --- [restartedMain] c.n.d.provider.DiscoveryJerseyProvider   : Using XML decoding codec XStreamXml
2021-06-01 09:45:49.470  INFO 6984 --- [restartedMain] c.n.d.s.r.aws.ConfigClusterResolver      : Resolving eureka endpoints via configuration
2021-06-01 09:45:49.576  INFO 6984 --- [restartedMain] com.netflix.discovery.DiscoveryClient    : Disable delta property : false
2021-06-01 09:45:49.576  INFO 6984 --- [restartedMain] com.netflix.discovery.DiscoveryClient    : Single vip registry refresh property : null
2021-06-01 09:45:49.576  INFO 6984 --- [restartedMain] com.netflix.discovery.DiscoveryClient    : Force full registry fetch : false
2021-06-01 09:45:49.576  INFO 6984 --- [restartedMain] com.netflix.discovery.DiscoveryClient    : Application is null : false
2021-06-01 09:45:49.576  INFO 6984 --- [restartedMain] com.netflix.discovery.DiscoveryClient    : Registered Applications size is zero : true
2021-06-01 09:45:49.576  INFO 6984 --- [restartedMain] com.netflix.discovery.DiscoveryClient    : Application version is -1: true
2021-06-01 09:45:49.576  INFO 6984 --- [restartedMain] com.netflix.discovery.DiscoveryClient    : Getting all instance registry info from the eureka server
2021-06-01 09:45:49.582  INFO 6984 --- [restartedMain] com.netflix.discovery.DiscoveryClient    : The response status is 200
2021-06-01 09:45:49.589  INFO 6984 --- [restartedMain] com.netflix.discovery.DiscoveryClient    : Starting heartbeat executor: renew interval is: 30
2021-06-01 09:45:49.595  INFO 6984 --- [restartedMain] c.n.discovery.InstanceInfoReplicator     : InstanceInfoReplicator onDemand update allowed rate per min is 4
2021-06-01 09:45:49.610  INFO 6984 --- [restartedMain] com.netflix.discovery.DiscoveryClient    : Discovery Client initialized at timestamp 1622520949610 with initial instances count: 3
2021-06-01 09:45:49.611  INFO 6984 --- [restartedMain] o.s.c.n.e.s.EurekaServiceRegistry        : Registering application ALBUMS-WS with eureka with status UP
2021-06-01 09:45:49.611  INFO 6984 --- [restartedMain] com.netflix.discovery.DiscoveryClient    : Saw local status change event StatusChangeEvent [timestamp=1622520949611, current=UP, previous=STARTING]
2021-06-01 09:45:49.611  INFO 6984 --- [DiscoveryClient-InstanceInfoReplicator-0] com.netflix.discovery.DiscoveryClient    : DiscoveryClient_ALBUMS-WS/albums-ws:3d5e164d6b9b0eab1923f1f745495178: registering service...
2021-06-01 09:45:49.612  INFO 6984 --- [restartedMain] c.a.p.a.a.PhotoAppApiAlbumsApplication   : Started PhotoAppApiAlbumsApplication in 2.515 seconds (JVM running for 1028.308)
2021-06-01 09:45:49.617  INFO 6984 --- [DiscoveryClient-InstanceInfoReplicator-0] com.netflix.discovery.DiscoveryClient    : DiscoveryClient_ALBUMS-WS/albums-ws:3d5e164d6b9b0eab1923f1f745495178 - registration status: 204
2021-06-01 09:45:49.619  INFO 6984 --- [restartedMain] .ConditionEvaluationDeltaLoggingListener : Condition evaluation unchanged
2021-06-01 09:46:20.211  INFO 6984 --- [RMI TCP Connection(12)-127.0.0.1] o.a.c.c.C.[Tomcat].[localhost].[/]       : Initializing Spring DispatcherServlet 'dispatcherServlet'
2021-06-01 09:46:20.211  INFO 6984 --- [RMI TCP Connection(12)-127.0.0.1] o.s.web.servlet.DispatcherServlet        : Initializing Servlet 'dispatcherServlet'
2021-06-01 09:46:20.216  INFO 6984 --- [RMI TCP Connection(12)-127.0.0.1] o.s.web.servlet.DispatcherServlet        : Completed initialization in 5 ms
2021-06-01 09:50:49.586  INFO 6984 --- [AsyncResolver-bootstrap-executor-0] c.n.d.s.r.aws.ConfigClusterResolver      : Resolving eureka endpoints via configuration
2021-06-01 09:50:59.533  INFO 6984 --- [Thread-12] o.s.c.n.e.s.EurekaServiceRegistry        : Unregistering application ALBUMS-WS with eureka with status DOWN
2021-06-01 09:50:59.534  WARN 6984 --- [Thread-12] com.netflix.discovery.DiscoveryClient    : Saw local status change event StatusChangeEvent [timestamp=1622521259534, current=DOWN, previous=UP]
2021-06-01 09:50:59.536  INFO 6984 --- [DiscoveryClient-InstanceInfoReplicator-0] com.netflix.discovery.DiscoveryClient    : DiscoveryClient_ALBUMS-WS/albums-ws:3d5e164d6b9b0eab1923f1f745495178: registering service...
2021-06-01 09:50:59.543  INFO 6984 --- [DiscoveryClient-InstanceInfoReplicator-0] com.netflix.discovery.DiscoveryClient    : DiscoveryClient_ALBUMS-WS/albums-ws:3d5e164d6b9b0eab1923f1f745495178 - registration status: 204
2021-06-01 09:50:59.547  INFO 6984 --- [Thread-12] o.s.s.concurrent.ThreadPoolTaskExecutor  : Shutting down ExecutorService 'applicationTaskExecutor'
2021-06-01 09:50:59.556  INFO 6984 --- [Thread-12] com.netflix.discovery.DiscoveryClient    : Shutting down DiscoveryClient ...
2021-06-01 09:51:02.576  INFO 6984 --- [Thread-12] com.netflix.discovery.DiscoveryClient    : Unregistering ...
2021-06-01 09:51:02.581  INFO 6984 --- [Thread-12] com.netflix.discovery.DiscoveryClient    : DiscoveryClient_ALBUMS-WS/albums-ws:3d5e164d6b9b0eab1923f1f745495178 - deregister  status: 200
2021-06-01 09:51:03.048  INFO 6984 --- [Thread-12] com.netflix.discovery.DiscoveryClient    : Completed shut down of DiscoveryClient
